Line 42: Class UniControls.UniTrayIcon of control xTray was not a loaded control class.
Line 50: Class UniControls.UniTabStrip of control XTAB was not a loaded control class.
Line 117: Class UniControls.UniLabel of control UniLabel13 was not a loaded control class.
Line 135: Class UniControls.UniButton of control yCMDApply was not a loaded control class.
Line 162: Class UniControls.UniButton of control xcmdHide was not a loaded control class.
Line 187: Class UniControls.UniFrame of control UniFrame12 was not a loaded control class.
Line 209: Class UniControls.UniTextBox of control ztxtMsG was not a loaded control class.
Line 234: Class UniControls.UniFrame of control UniFrame11 was not a loaded control class.
Line 256: Class UniControls.UniLabel of control UniLabel39 was not a loaded control class.
Line 274: Class UniControls.UniLabel of control UniLabel38 was not a loaded control class.
Line 292: Class UniControls.UniLabel of control UniLabel37 was not a loaded control class.
Line 311: Class UniControls.UniFrame of control UniFrame10 was not a loaded control class.
Line 333: Class UniControls.UniCheckBox of control zCHKThongTin was not a loaded control class.
Line 356: Class UniControls.UniCheckBox of control zCHKThongTin was not a loaded control class.
Line 379: Class UniControls.UniCheckBox of control zCHKThongTin was not a loaded control class.
Line 407: Class UniControls.UniLabel of control xlblStatus was not a loaded control class.
Line 427: Class UniControls.UniButton of control xCMDOnOFF was not a loaded control class.
Line 454: Class UniControls.UniLabel of control UniLabel14 was not a loaded control class.
Line 473: Class UniControls.UniFrame of control UniFrame9 was not a loaded control class.
Line 495: Class UniControls.UniButton of control xCMDDelAll was not a loaded control class.
Line 520: Class UniControls.UniButton of control xCMDScan was not a loaded control class.
Line 545: Class UniControls.UniButton of control xCMDDel was not a loaded control class.
Line 570: Class UniControls.UniListView of control xLV was not a loaded control class.
Line 598: Class UniControls.UniFrame of control UniFrame8 was not a loaded control class.
Line 620: Class UniControls.UniLabel of control UniLabel36 was not a loaded control class.
Line 638: Class UniControls.UniButton of control yCMDVRA was not a loaded control class.
Line 664: Class UniControls.UniFrame of control UniFrame7 was not a loaded control class.
Line 686: Class UniControls.UniLabel of control UniLabel35 was not a loaded control class.
Line 705: Class UniControls.UniLabel of control UniLabel34 was not a loaded control class.
Line 723: Class UniControls.UniLabel of control UniLabel33 was not a loaded control class.
Line 741: Class UniControls.UniLabel of control UniLabel32 was not a loaded control class.
Line 759: Class UniControls.UniLabel of control UniLabel31 was not a loaded control class.
Line 777: Class UniControls.UniLabel of control UniLabel30 was not a loaded control class.
Line 795: Class UniControls.UniLabel of control UniLabel29 was not a loaded control class.
Line 813: Class UniControls.UniLabel of control UniLabel28 was not a loaded control class.
Line 831: Class UniControls.UniLabel of control UniLabel27 was not a loaded control class.
Line 849: Class UniControls.UniLabel of control UniLabel26 was not a loaded control class.
Line 867: Class UniControls.UniLabel of control UniLabel25 was not a loaded control class.
Line 885: Class UniControls.UniLabel of control UniLabel24 was not a loaded control class.
Line 903: Class UniControls.UniLabel of control UniLabel23 was not a loaded control class.
Line 921: Class UniControls.UniLabel of control UniLabel22 was not a loaded control class.
Line 939: Class UniControls.UniLabel of control UniLabel21 was not a loaded control class.
Line 957: Class UniControls.UniLabel of control UniLabel20 was not a loaded control class.
Line 975: Class UniControls.UniLabel of control UniLabel19 was not a loaded control class.
Line 993: Class UniControls.UniLabel of control UniLabel18 was not a loaded control class.
Line 1011: Class UniControls.UniLabel of control UniLabel17 was not a loaded control class.
Line 1029: Class UniControls.UniLabel of control UniLabel16 was not a loaded control class.
Line 1047: Class UniControls.UniLabel of control UniLabel15 was not a loaded control class.
Line 1066: Class UniControls.UniLabel of control UniLabel12 was not a loaded control class.
Line 1086: Class UniControls.UniButton of control UniButton1 was not a loaded control class.
Line 1111: Class UniControls.UniFrame of control UniFrame6 was not a loaded control class.
Line 1133: Class UniControls.UniButton of control cmdEdit was not a loaded control class.
Line 1158: Class UniControls.UniLabel of control xlblAutoGia was not a loaded control class.
Line 1177: Class UniControls.UniLabel of control xAutoDec was not a loaded control class.
Line 1196: Class UniControls.UniLabel of control xlblSound was not a loaded control class.
Line 1216: Class UniControls.UniLabel of control xlblShow was not a loaded control class.
Line 1236: Class UniControls.UniLabel of control xlblKhuVucQuet was not a loaded control class.
Line 1256: Class UniControls.UniLabel of control UniLabel11 was not a loaded control class.
Line 1274: Class UniControls.UniLabel of control UniLabel10 was not a loaded control class.
Line 1292: Class UniControls.UniLabel of control UniLabel9 was not a loaded control class.
Line 1310: Class UniControls.UniLabel of control UniLabel8 was not a loaded control class.
Line 1328: Class UniControls.UniLabel of control UniLabel7 was not a loaded control class.
Line 1346: Class UniControls.UniLabel of control UniLabel6 was not a loaded control class.
Line 1364: Class UniControls.UniLabel of control xlblTime was not a loaded control class.
Line 1384: Class UniControls.UniLabel of control UniLabel5 was not a loaded control class.
Line 1403: Class UniControls.UniFrame of control UniFrame5 was not a loaded control class.
Line 1425: Class UniControls.UniCheckBox of control chk4NoDel was not a loaded control class.
Line 1448: Class UniControls.UniCheckBox of control chk4Icon was not a loaded control class.
Line 1471: Class UniControls.UniOptionButton of control opt4QuesAuto was not a loaded control class.
Line 1492: Class UniControls.UniOptionButton of control opt4OffAuto was not a loaded control class.
Line 1514: Class UniControls.UniOptionButton of control opt4OnAuto was not a loaded control class.
Line 1536: Class UniControls.UniFrame of control UniFrame4 was not a loaded control class.
Line 1558: Class UniControls.UniCheckBox of control chk3AddCSDL was not a loaded control class.
Line 1580: Class UniControls.UniOptionButton of control opt3AutoNO was not a loaded control class.
Line 1601: Class UniControls.UniOptionButton of control opt3AutoQues was not a loaded control class.
Line 1622: Class UniControls.UniOptionButton of control opt3AutoDelAdd was not a loaded control class.
Line 1644: Class UniControls.UniLabel of control UniLabel4 was not a loaded control class.
Line 1663: Class UniControls.UniCheckBox of control chk3AutoDe was not a loaded control class.
Line 1686: Class UniControls.UniFrame of control UniFrame3 was not a loaded control class.
Line 1708: Class UniControls.UniCheckBox of control chk2Sound was not a loaded control class.
Line 1730: Class UniControls.UniOptionButton of control opt2ShowCen was not a loaded control class.
Line 1752: Class UniControls.UniOptionButton of control opt2ShowBal was not a loaded control class.
Line 1773: Class UniControls.UniOptionButton of control opt2ShowOff was not a loaded control class.
Line 1795: Class UniControls.UniFrame of control UniFrame2 was not a loaded control class.
Line 1817: Class UniControls.UniCheckBox of control chk1DrA was not a loaded control class.
Line 1838: Class UniControls.UniCheckBox of control chk1DrCDE was not a loaded control class.
Line 1860: Class UniControls.UniCheckBox of control chk1DrUSB was not a loaded control class.
Line 1882: Class UniControls.UniCheckBox of control chk1DrCD was not a loaded control class.
Line 1903: Class UniControls.UniLabel of control UniLabel3 was not a loaded control class.
Line 1922: Class UniControls.UniFrame of control UniFrame1 was not a loaded control class.
Line 1944: Class UniControls.ScrollSlider of control scrTime was not a loaded control class.
Line 1959: Class UniControls.UniLabel of control UniLabel2 was not a loaded control class.
Line 1977: Class UniControls.UniLabel of control lblTime was not a loaded control class.
Line 1996: Class UniControls.UniLabel of control UniLabel1 was not a loaded control class.
Line 45: The property name _ExtentX in xTray is invalid.
Line 46: The property name _ExtentY in xTray is invalid.
Line 48: The property name Icon in xTray is invalid.
Line 56: The property name _ExtentX in XTAB is invalid.
Line 57: The property name _ExtentY in XTAB is invalid.
Line 58: The property name TabCount in XTAB is invalid.
Line 59: The property name TabCaption(0) in XTAB is invalid.
Line 60: The property name TabContCtrlCnt(0) in XTAB is invalid.
Line 61: The property name Tab(0)ContCtrlCap(1) in XTAB is invalid.
Line 62: The property name Tab(0)ContCtrlCap(2) in XTAB is invalid.
Line 63: The property name Tab(0)ContCtrlCap(3) in XTAB is invalid.
Line 64: The property name Tab(0)ContCtrlCap(4) in XTAB is invalid.
Line 65: The property name Tab(0)ContCtrlCap(5) in XTAB is invalid.
Line 66: The property name Tab(0)ContCtrlCap(6) in XTAB is invalid.
Line 67: The property name Tab(0)ContCtrlCap(7) in XTAB is invalid.
Line 68: The property name TabCaption(1) in XTAB is invalid.
Line 69: The property name TabContCtrlCnt(1) in XTAB is invalid.
Line 70: The property name Tab(1)ContCtrlCap(1) in XTAB is invalid.
Line 71: The property name Tab(1)ContCtrlCap(2) in XTAB is invalid.
Line 72: The property name Tab(1)ContCtrlCap(3) in XTAB is invalid.
Line 73: The property name Tab(1)ContCtrlCap(4) in XTAB is invalid.
Line 74: The property name Tab(1)ContCtrlCap(5) in XTAB is invalid.
Line 75: The property name Tab(1)ContCtrlCap(6) in XTAB is invalid.
Line 76: The property name TabCaption(2) in XTAB is invalid.
Line 77: The property name TabContCtrlCnt(2) in XTAB is invalid.
Line 78: The property name Tab(2)ContCtrlCap(1) in XTAB is invalid.
Line 79: The property name Tab(2)ContCtrlCap(2) in XTAB is invalid.
Line 80: The property name Tab(2)ContCtrlCap(3) in XTAB is invalid.
Line 81: The property name Tab(2)ContCtrlCap(4) in XTAB is invalid.
Line 82: The property name Tab(2)ContCtrlCap(5) in XTAB is invalid.
Line 83: The property name TabCaption(3) in XTAB is invalid.
Line 84: The property name TabContCtrlCnt(3) in XTAB is invalid.
Line 85: The property name Tab(3)ContCtrlCap(1) in XTAB is invalid.
Line 86: The property name Tab(3)ContCtrlCap(2) in XTAB is invalid.
Line 87: The property name Tab(3)ContCtrlCap(3) in XTAB is invalid.
Line 88: The property name ActiveTab in XTAB is invalid.
Line 89: The property name TabTheme in XTAB is invalid.
Line 90: The property name ShowFocusRect in XTAB is invalid.
Line 91: The property name ActiveTabBackStartColor in XTAB is invalid.
Line 92: The property name ActiveTabBackEndColor in XTAB is invalid.
Line 93: The property name InActiveTabBackStartColor in XTAB is invalid.
Line 94: The property name InActiveTabBackEndColor in XTAB is invalid.
Line 103: The property name ActiveTabFont in XTAB is invalid.
Line 112: The property name InActiveTabFont in XTAB is invalid.
Line 113: The property name OuterBorderColor in XTAB is invalid.
Line 114: The property name DisabledTabBackColor in XTAB is invalid.
Line 115: The property name DisabledTabForeColor in XTAB is invalid.
Line 116: The property name PictureAlign in XTAB is invalid.
Line 122: The property name _ExtentX in UniLabel13 is invalid.
Line 123: The property name _ExtentY in UniLabel13 is invalid.
Line 124: The property name Caption in UniLabel13 is invalid.
Line 141: The property name _ExtentX in yCMDApply is invalid.
Line 142: The property name _ExtentY in yCMDApply is invalid.
Line 143: The property name Icon in yCMDApply is invalid.
Line 144: The property name Style in yCMDApply is invalid.
Line 145: The property name Caption in yCMDApply is invalid.
Line 146: The property name IconAlign in yCMDApply is invalid.
Line 149: The property name MaskColor in yCMDApply is invalid.
Line 159: The property name RoundedBordersByTheme in yCMDApply is invalid.
Line 160: The property name ShowFocusRectangle in yCMDApply is invalid.
Line 168: The property name _ExtentX in xcmdHide is invalid.
Line 169: The property name _ExtentY in xcmdHide is invalid.
Line 170: The property name Icon in xcmdHide is invalid.
Line 171: The property name Style in xcmdHide is invalid.
Line 172: The property name Caption in xcmdHide is invalid.
Line 173: The property name IconAlign in xcmdHide is invalid.
Line 174: The property name MaskColor in xcmdHide is invalid.
Line 184: The property name RoundedBordersByTheme in xcmdHide is invalid.
Line 185: The property name ShowFocusRectangle in xcmdHide is invalid.
Line 192: The property name _ExtentX in UniFrame12 is invalid.
Line 193: The property name _ExtentY in UniFrame12 is invalid.
Line 194: The property name MaskColor in UniFrame12 is invalid.
Line 195: The property name FrameColor in UniFrame12 is invalid.
Line 196: The property name Style in UniFrame12 is invalid.
Line 197: The property name Caption in UniFrame12 is invalid.
Line 198: The property name TextColor in UniFrame12 is invalid.
Line 199: The property name Alignment in UniFrame12 is invalid.
Line 215: The property name _ExtentX in ztxtMsG is invalid.
Line 216: The property name _ExtentY in ztxtMsG is invalid.
Line 227: The property name Text in ztxtMsG is invalid.
Line 228: The property name MultiLine in ztxtMsG is invalid.
Line 229: The property name Locked in ztxtMsG is invalid.
Line 231: The property name Scrollbar in ztxtMsG is invalid.
Line 209: Property BorderStyle in ztxtMsG could not be set.
Line 239: The property name _ExtentX in UniFrame11 is invalid.
Line 240: The property name _ExtentY in UniFrame11 is invalid.
Line 241: The property name MaskColor in UniFrame11 is invalid.
Line 242: The property name FrameColor in UniFrame11 is invalid.
Line 243: The property name Style in UniFrame11 is invalid.
Line 244: The property name Caption in UniFrame11 is invalid.
Line 245: The property name TextColor in UniFrame11 is invalid.
Line 246: The property name Alignment in UniFrame11 is invalid.
Line 261: The property name _ExtentX in UniLabel39 is invalid.
Line 262: The property name _ExtentY in UniLabel39 is invalid.
Line 263: The property name Caption in UniLabel39 is invalid.
Line 279: The property name _ExtentX in UniLabel38 is invalid.
Line 280: The property name _ExtentY in UniLabel38 is invalid.
Line 281: The property name Caption in UniLabel38 is invalid.
Line 297: The property name _ExtentX in UniLabel37 is invalid.
Line 298: The property name _ExtentY in UniLabel37 is invalid.
Line 299: The property name Caption in UniLabel37 is invalid.
Line 316: The property name _ExtentX in UniFrame10 is invalid.
Line 317: The property name _ExtentY in UniFrame10 is invalid.
Line 318: The property name MaskColor in UniFrame10 is invalid.
Line 319: The property name FrameColor in UniFrame10 is invalid.
Line 320: The property name Style in UniFrame10 is invalid.
Line 321: The property name Caption in UniFrame10 is invalid.
Line 322: The property name TextColor in UniFrame10 is invalid.
Line 323: The property name Alignment in UniFrame10 is invalid.
Line 340: The property name _ExtentX in zCHKThongTin is invalid.
Line 341: The property name _ExtentY in zCHKThongTin is invalid.
Line 351: The property name Value in zCHKThongTin is invalid.
Line 352: The property name Caption in zCHKThongTin is invalid.
Line 354: The property name ShowFocusRectangle in zCHKThongTin is invalid.
Line 363: The property name _ExtentX in zCHKThongTin is invalid.
Line 364: The property name _ExtentY in zCHKThongTin is invalid.
Line 374: The property name Value in zCHKThongTin is invalid.
Line 375: The property name Caption in zCHKThongTin is invalid.
Line 377: The property name ShowFocusRectangle in zCHKThongTin is invalid.
Line 386: The property name _ExtentX in zCHKThongTin is invalid.
Line 387: The property name _ExtentY in zCHKThongTin is invalid.
Line 397: The property name Value in zCHKThongTin is invalid.
Line 398: The property name Caption in zCHKThongTin is invalid.
Line 400: The property name ShowFocusRectangle in zCHKThongTin is invalid.
Line 412: The property name _ExtentX in xlblStatus is invalid.
Line 413: The property name _ExtentY in xlblStatus is invalid.
Line 414: The property name Alignment in xlblStatus is invalid.
Line 415: The property name Caption in xlblStatus is invalid.
Line 433: The property name _ExtentX in xCMDOnOFF is invalid.
Line 434: The property name _ExtentY in xCMDOnOFF is invalid.
Line 435: The property name Icon in xCMDOnOFF is invalid.
Line 436: The property name Style in xCMDOnOFF is invalid.
Line 437: The property name Caption in xCMDOnOFF is invalid.
Line 438: The property name IconSize in xCMDOnOFF is invalid.
Line 439: The property name IconAlign in xCMDOnOFF is invalid.
Line 440: The property name MaskColor in xCMDOnOFF is invalid.
Line 441: The property name FontColor in xCMDOnOFF is invalid.
Line 451: The property name RoundedBordersByTheme in xCMDOnOFF is invalid.
Line 452: The property name ShowFocusRectangle in xCMDOnOFF is invalid.
Line 459: The property name _ExtentX in UniLabel14 is invalid.
Line 460: The property name _ExtentY in UniLabel14 is invalid.
Line 461: The property name Caption in UniLabel14 is invalid.
Line 478: The property name _ExtentX in UniFrame9 is invalid.
Line 479: The property name _ExtentY in UniFrame9 is invalid.
Line 480: The property name MaskColor in UniFrame9 is invalid.
Line 481: The property name FrameColor in UniFrame9 is invalid.
Line 482: The property name Style in UniFrame9 is invalid.
Line 483: The property name Caption in UniFrame9 is invalid.
Line 484: The property name TextColor in UniFrame9 is invalid.
Line 485: The property name Alignment in UniFrame9 is invalid.
Line 501: The property name _ExtentX in xCMDDelAll is invalid.
Line 502: The property name _ExtentY in xCMDDelAll is invalid.
Line 503: The property name Icon in xCMDDelAll is invalid.
Line 504: The property name Style in xCMDDelAll is invalid.
Line 505: The property name Caption in xCMDDelAll is invalid.
Line 506: The property name IconAlign in xCMDDelAll is invalid.
Line 507: The property name MaskColor in xCMDDelAll is invalid.
Line 517: The property name RoundedBordersByTheme in xCMDDelAll is invalid.
Line 518: The property name ShowFocusRectangle in xCMDDelAll is invalid.
Line 526: The property name _ExtentX in xCMDScan is invalid.
Line 527: The property name _ExtentY in xCMDScan is invalid.
Line 528: The property name Icon in xCMDScan is invalid.
Line 529: The property name Style in xCMDScan is invalid.
Line 530: The property name Caption in xCMDScan is invalid.
Line 531: The property name IconAlign in xCMDScan is invalid.
Line 532: The property name MaskColor in xCMDScan is invalid.
Line 542: The property name RoundedBordersByTheme in xCMDScan is invalid.
Line 543: The property name ShowFocusRectangle in xCMDScan is invalid.
Line 551: The property name _ExtentX in xCMDDel is invalid.
Line 552: The property name _ExtentY in xCMDDel is invalid.
Line 553: The property name Icon in xCMDDel is invalid.
Line 554: The property name Style in xCMDDel is invalid.
Line 555: The property name Caption in xCMDDel is invalid.
Line 556: The property name IconAlign in xCMDDel is invalid.
Line 557: The property name MaskColor in xCMDDel is invalid.
Line 567: The property name RoundedBordersByTheme in xCMDDel is invalid.
Line 568: The property name ShowFocusRectangle in xCMDDel is invalid.
Line 576: The property name _ExtentX in xLV is invalid.
Line 577: The property name _ExtentY in xLV is invalid.
Line 587: The property name View in xLV is invalid.
Line 588: The property name LabelEdit in xLV is invalid.
Line 589: The property name GridLines in xLV is invalid.
Line 590: The property name FullRowSelect in xLV is invalid.
Line 591: The property name AutoArrange in xLV is invalid.
Line 592: The property name HeaderButtons in xLV is invalid.
Line 593: The property name HeaderTrackSelect in xLV is invalid.
Line 594: The property name HideSelection in xLV is invalid.
Line 595: The property name InfoTips in xLV is invalid.
Line 603: The property name _ExtentX in UniFrame8 is invalid.
Line 604: The property name _ExtentY in UniFrame8 is invalid.
Line 605: The property name MaskColor in UniFrame8 is invalid.
Line 606: The property name FrameColor in UniFrame8 is invalid.
Line 607: The property name Style in UniFrame8 is invalid.
Line 608: The property name Caption in UniFrame8 is invalid.
Line 609: The property name TextColor in UniFrame8 is invalid.
Line 610: The property name Alignment in UniFrame8 is invalid.
Line 625: The property name _ExtentX in UniLabel36 is invalid.
Line 626: The property name _ExtentY in UniLabel36 is invalid.
Line 627: The property name Caption in UniLabel36 is invalid.
Line 644: The property name _ExtentX in yCMDVRA is invalid.
Line 645: The property name _ExtentY in yCMDVRA is invalid.
Line 646: The property name Icon in yCMDVRA is invalid.
Line 647: The property name Style in yCMDVRA is invalid.
Line 648: The property name Caption in yCMDVRA is invalid.
Line 649: The property name IconAlign in yCMDVRA is invalid.
Line 650: The property name MaskColor in yCMDVRA is invalid.
Line 660: The property name RoundedBordersByTheme in yCMDVRA is invalid.
Line 661: The property name ShowFocusRectangle in yCMDVRA is invalid.
Line 669: The property name _ExtentX in UniFrame7 is invalid.
Line 670: The property name _ExtentY in UniFrame7 is invalid.
Line 671: The property name MaskColor in UniFrame7 is invalid.
Line 672: The property name FrameColor in UniFrame7 is invalid.
Line 673: The property name Style in UniFrame7 is invalid.
Line 674: The property name Caption in UniFrame7 is invalid.
Line 675: The property name TextColor in UniFrame7 is invalid.
Line 676: The property name Alignment in UniFrame7 is invalid.
Line 691: The property name _ExtentX in UniLabel35 is invalid.
Line 692: The property name _ExtentY in UniLabel35 is invalid.
Line 693: The property name BackStyle in UniLabel35 is invalid.
Line 694: The property name Caption in UniLabel35 is invalid.
Line 710: The property name _ExtentX in UniLabel34 is invalid.
Line 711: The property name _ExtentY in UniLabel34 is invalid.
Line 712: The property name Caption in UniLabel34 is invalid.
Line 728: The property name _ExtentX in UniLabel33 is invalid.
Line 729: The property name _ExtentY in UniLabel33 is invalid.
Line 730: The property name Caption in UniLabel33 is invalid.
Line 746: The property name _ExtentX in UniLabel32 is invalid.
Line 747: The property name _ExtentY in UniLabel32 is invalid.
Line 748: The property name Caption in UniLabel32 is invalid.
Line 764: The property name _ExtentX in UniLabel31 is invalid.
Line 765: The property name _ExtentY in UniLabel31 is invalid.
Line 766: The property name Caption in UniLabel31 is invalid.
Line 782: The property name _ExtentX in UniLabel30 is invalid.
Line 783: The property name _ExtentY in UniLabel30 is invalid.
Line 784: The property name Caption in UniLabel30 is invalid.
Line 800: The property name _ExtentX in UniLabel29 is invalid.
Line 801: The property name _ExtentY in UniLabel29 is invalid.
Line 802: The property name Caption in UniLabel29 is invalid.
Line 818: The property name _ExtentX in UniLabel28 is invalid.
Line 819: The property name _ExtentY in UniLabel28 is invalid.
Line 820: The property name Caption in UniLabel28 is invalid.
Line 836: The property name _ExtentX in UniLabel27 is invalid.
Line 837: The property name _ExtentY in UniLabel27 is invalid.
Line 838: The property name Caption in UniLabel27 is invalid.
Line 854: The property name _ExtentX in UniLabel26 is invalid.
Line 855: The property name _ExtentY in UniLabel26 is invalid.
Line 856: The property name Caption in UniLabel26 is invalid.
Line 872: The property name _ExtentX in UniLabel25 is invalid.
Line 873: The property name _ExtentY in UniLabel25 is invalid.
Line 874: The property name Caption in UniLabel25 is invalid.
Line 890: The property name _ExtentX in UniLabel24 is invalid.
Line 891: The property name _ExtentY in UniLabel24 is invalid.
Line 892: The property name Caption in UniLabel24 is invalid.
Line 908: The property name _ExtentX in UniLabel23 is invalid.
Line 909: The property name _ExtentY in UniLabel23 is invalid.
Line 910: The property name Caption in UniLabel23 is invalid.
Line 926: The property name _ExtentX in UniLabel22 is invalid.
Line 927: The property name _ExtentY in UniLabel22 is invalid.
Line 928: The property name Caption in UniLabel22 is invalid.
Line 944: The property name _ExtentX in UniLabel21 is invalid.
Line 945: The property name _ExtentY in UniLabel21 is invalid.
Line 946: The property name Caption in UniLabel21 is invalid.
Line 962: The property name _ExtentX in UniLabel20 is invalid.
Line 963: The property name _ExtentY in UniLabel20 is invalid.
Line 964: The property name Caption in UniLabel20 is invalid.
Line 980: The property name _ExtentX in UniLabel19 is invalid.
Line 981: The property name _ExtentY in UniLabel19 is invalid.
Line 982: The property name Caption in UniLabel19 is invalid.
Line 998: The property name _ExtentX in UniLabel18 is invalid.
Line 999: The property name _ExtentY in UniLabel18 is invalid.
Line 1000: The property name Caption in UniLabel18 is invalid.
Line 1016: The property name _ExtentX in UniLabel17 is invalid.
Line 1017: The property name _ExtentY in UniLabel17 is invalid.
Line 1018: The property name Caption in UniLabel17 is invalid.
Line 1034: The property name _ExtentX in UniLabel16 is invalid.
Line 1035: The property name _ExtentY in UniLabel16 is invalid.
Line 1036: The property name Caption in UniLabel16 is invalid.
Line 1052: The property name _ExtentX in UniLabel15 is invalid.
Line 1053: The property name _ExtentY in UniLabel15 is invalid.
Line 1054: The property name Caption in UniLabel15 is invalid.
Line 1071: The property name _ExtentX in UniLabel12 is invalid.
Line 1072: The property name _ExtentY in UniLabel12 is invalid.
Line 1073: The property name Alignment in UniLabel12 is invalid.
Line 1074: The property name Caption in UniLabel12 is invalid.
Line 1092: The property name _ExtentX in UniButton1 is invalid.
Line 1093: The property name _ExtentY in UniButton1 is invalid.
Line 1094: The property name Icon in UniButton1 is invalid.
Line 1095: The property name Style in UniButton1 is invalid.
Line 1096: The property name Caption in UniButton1 is invalid.
Line 1097: The property name IconAlign in UniButton1 is invalid.
Line 1098: The property name MaskColor in UniButton1 is invalid.
Line 1108: The property name RoundedBordersByTheme in UniButton1 is invalid.
Line 1109: The property name ShowFocusRectangle in UniButton1 is invalid.
Line 1116: The property name _ExtentX in UniFrame6 is invalid.
Line 1117: The property name _ExtentY in UniFrame6 is invalid.
Line 1118: The property name MaskColor in UniFrame6 is invalid.
Line 1119: The property name FrameColor in UniFrame6 is invalid.
Line 1120: The property name Style in UniFrame6 is invalid.
Line 1121: The property name Caption in UniFrame6 is invalid.
Line 1122: The property name TextColor in UniFrame6 is invalid.
Line 1123: The property name Alignment in UniFrame6 is invalid.
Line 1139: The property name _ExtentX in cmdEdit is invalid.
Line 1140: The property name _ExtentY in cmdEdit is invalid.
Line 1141: The property name Icon in cmdEdit is invalid.
Line 1142: The property name Style in cmdEdit is invalid.
Line 1143: The property name Caption in cmdEdit is invalid.
Line 1144: The property name IconAlign in cmdEdit is invalid.
Line 1145: The property name MaskColor in cmdEdit is invalid.
Line 1155: The property name RoundedBordersByTheme in cmdEdit is invalid.
Line 1156: The property name ShowFocusRectangle in cmdEdit is invalid.
Line 1163: The property name _ExtentX in xlblAutoGia is invalid.
Line 1164: The property name _ExtentY in xlblAutoGia is invalid.
Line 1165: The property name Caption in xlblAutoGia is invalid.
Line 1182: The property name _ExtentX in xAutoDec is invalid.
Line 1183: The property name _ExtentY in xAutoDec is invalid.
Line 1184: The property name Caption in xAutoDec is invalid.
Line 1201: The property name _ExtentX in xlblSound is invalid.
Line 1202: The property name _ExtentY in xlblSound is invalid.
Line 1203: The property name Alignment in xlblSound is invalid.
Line 1204: The property name Caption in xlblSound is invalid.
Line 1221: The property name _ExtentX in xlblShow is invalid.
Line 1222: The property name _ExtentY in xlblShow is invalid.
Line 1223: The property name Alignment in xlblShow is invalid.
Line 1224: The property name Caption in xlblShow is invalid.
Line 1241: The property name _ExtentX in xlblKhuVucQuet is invalid.
Line 1242: The property name _ExtentY in xlblKhuVucQuet is invalid.
Line 1243: The property name BackStyle in xlblKhuVucQuet is invalid.
Line 1244: The property name Caption in xlblKhuVucQuet is invalid.
Line 1261: The property name _ExtentX in UniLabel11 is invalid.
Line 1262: The property name _ExtentY in UniLabel11 is invalid.
Line 1263: The property name Caption in UniLabel11 is invalid.
Line 1279: The property name _ExtentX in UniLabel10 is invalid.
Line 1280: The property name _ExtentY in UniLabel10 is invalid.
Line 1281: The property name Caption in UniLabel10 is invalid.
Line 1297: The property name _ExtentX in UniLabel9 is invalid.
Line 1298: The property name _ExtentY in UniLabel9 is invalid.
Line 1299: The property name Caption in UniLabel9 is invalid.
Line 1315: The property name _ExtentX in UniLabel8 is invalid.
Line 1316: The property name _ExtentY in UniLabel8 is invalid.
Line 1317: The property name Caption in UniLabel8 is invalid.
Line 1333: The property name _ExtentX in UniLabel7 is invalid.
Line 1334: The property name _ExtentY in UniLabel7 is invalid.
Line 1335: The property name Caption in UniLabel7 is invalid.
Line 1351: The property name _ExtentX in UniLabel6 is invalid.
Line 1352: The property name _ExtentY in UniLabel6 is invalid.
Line 1353: The property name Caption in UniLabel6 is invalid.
Line 1369: The property name _ExtentX in xlblTime is invalid.
Line 1370: The property name _ExtentY in xlblTime is invalid.
Line 1371: The property name Alignment in xlblTime is invalid.
Line 1372: The property name Caption in xlblTime is invalid.
Line 1389: The property name _ExtentX in UniLabel5 is invalid.
Line 1390: The property name _ExtentY in UniLabel5 is invalid.
Line 1391: The property name Caption in UniLabel5 is invalid.
Line 1408: The property name _ExtentX in UniFrame5 is invalid.
Line 1409: The property name _ExtentY in UniFrame5 is invalid.
Line 1410: The property name MaskColor in UniFrame5 is invalid.
Line 1411: The property name FrameColor in UniFrame5 is invalid.
Line 1412: The property name Style in UniFrame5 is invalid.
Line 1413: The property name Caption in UniFrame5 is invalid.
Line 1414: The property name TextColor in UniFrame5 is invalid.
Line 1415: The property name Alignment in UniFrame5 is invalid.
Line 1431: The property name _ExtentX in chk4NoDel is invalid.
Line 1432: The property name _ExtentY in chk4NoDel is invalid.
Line 1442: The property name Value in chk4NoDel is invalid.
Line 1443: The property name Caption in chk4NoDel is invalid.
Line 1446: The property name ShowFocusRectangle in chk4NoDel is invalid.
Line 1454: The property name _ExtentX in chk4Icon is invalid.
Line 1455: The property name _ExtentY in chk4Icon is invalid.
Line 1465: The property name Value in chk4Icon is invalid.
Line 1466: The property name Caption in chk4Icon is invalid.
Line 1469: The property name ShowFocusRectangle in chk4Icon is invalid.
Line 1477: The property name _ExtentX in opt4QuesAuto is invalid.
Line 1478: The property name _ExtentY in opt4QuesAuto is invalid.
Line 1488: The property name ShowFocusRectangle in opt4QuesAuto is invalid.
Line 1489: The property name Caption in opt4QuesAuto is invalid.
Line 1498: The property name _ExtentX in opt4OffAuto is invalid.
Line 1499: The property name _ExtentY in opt4OffAuto is invalid.
Line 1509: The property name Value in opt4OffAuto is invalid.
Line 1510: The property name ShowFocusRectangle in opt4OffAuto is invalid.
Line 1511: The property name Caption in opt4OffAuto is invalid.
Line 1520: The property name _ExtentX in opt4OnAuto is invalid.
Line 1521: The property name _ExtentY in opt4OnAuto is invalid.
Line 1531: The property name ShowFocusRectangle in opt4OnAuto is invalid.
Line 1532: The property name Caption in opt4OnAuto is invalid.
Line 1541: The property name _ExtentX in UniFrame4 is invalid.
Line 1542: The property name _ExtentY in UniFrame4 is invalid.
Line 1543: The property name MaskColor in UniFrame4 is invalid.
Line 1544: The property name FrameColor in UniFrame4 is invalid.
Line 1545: The property name Style in UniFrame4 is invalid.
Line 1546: The property name Caption in UniFrame4 is invalid.
Line 1547: The property name TextColor in UniFrame4 is invalid.
Line 1548: The property name Alignment in UniFrame4 is invalid.
Line 1564: The property name _ExtentX in chk3AddCSDL is invalid.
Line 1565: The property name _ExtentY in chk3AddCSDL is invalid.
Line 1575: The property name Value in chk3AddCSDL is invalid.
Line 1576: The property name Caption in chk3AddCSDL is invalid.
Line 1578: The property name ShowFocusRectangle in chk3AddCSDL is invalid.
Line 1586: The property name _ExtentX in opt3AutoNO is invalid.
Line 1587: The property name _ExtentY in opt3AutoNO is invalid.
Line 1597: The property name ShowFocusRectangle in opt3AutoNO is invalid.
Line 1598: The property name Caption in opt3AutoNO is invalid.
Line 1607: The property name _ExtentX in opt3AutoQues is invalid.
Line 1608: The property name _ExtentY in opt3AutoQues is invalid.
Line 1618: The property name ShowFocusRectangle in opt3AutoQues is invalid.
Line 1619: The property name Caption in opt3AutoQues is invalid.
Line 1628: The property name _ExtentX in opt3AutoDelAdd is invalid.
Line 1629: The property name _ExtentY in opt3AutoDelAdd is invalid.
Line 1639: The property name Value in opt3AutoDelAdd is invalid.
Line 1640: The property name ShowFocusRectangle in opt3AutoDelAdd is invalid.
Line 1641: The property name Caption in opt3AutoDelAdd is invalid.
Line 1649: The property name _ExtentX in UniLabel4 is invalid.
Line 1650: The property name _ExtentY in UniLabel4 is invalid.
Line 1651: The property name Caption in UniLabel4 is invalid.
Line 1669: The property name _ExtentX in chk3AutoDe is invalid.
Line 1670: The property name _ExtentY in chk3AutoDe is invalid.
Line 1680: The property name Value in chk3AutoDe is invalid.
Line 1681: The property name Caption in chk3AutoDe is invalid.
Line 1683: The property name ShowFocusRectangle in chk3AutoDe is invalid.
Line 1691: The property name _ExtentX in UniFrame3 is invalid.
Line 1692: The property name _ExtentY in UniFrame3 is invalid.
Line 1693: The property name MaskColor in UniFrame3 is invalid.
Line 1694: The property name FrameColor in UniFrame3 is invalid.
Line 1695: The property name Style in UniFrame3 is invalid.
Line 1696: The property name Caption in UniFrame3 is invalid.
Line 1697: The property name TextColor in UniFrame3 is invalid.
Line 1698: The property name Alignment in UniFrame3 is invalid.
Line 1714: The property name _ExtentX in chk2Sound is invalid.
Line 1715: The property name _ExtentY in chk2Sound is invalid.
Line 1725: The property name Value in chk2Sound is invalid.
Line 1726: The property name Caption in chk2Sound is invalid.
Line 1728: The property name ShowFocusRectangle in chk2Sound is invalid.
Line 1736: The property name _ExtentX in opt2ShowCen is invalid.
Line 1737: The property name _ExtentY in opt2ShowCen is invalid.
Line 1747: The property name Value in opt2ShowCen is invalid.
Line 1748: The property name ShowFocusRectangle in opt2ShowCen is invalid.
Line 1749: The property name Caption in opt2ShowCen is invalid.
Line 1758: The property name _ExtentX in opt2ShowBal is invalid.
Line 1759: The property name _ExtentY in opt2ShowBal is invalid.
Line 1769: The property name ShowFocusRectangle in opt2ShowBal is invalid.
Line 1770: The property name Caption in opt2ShowBal is invalid.
Line 1779: The property name _ExtentX in opt2ShowOff is invalid.
Line 1780: The property name _ExtentY in opt2ShowOff is invalid.
Line 1790: The property name ShowFocusRectangle in opt2ShowOff is invalid.
Line 1791: The property name Caption in opt2ShowOff is invalid.
Line 1800: The property name _ExtentX in UniFrame2 is invalid.
Line 1801: The property name _ExtentY in UniFrame2 is invalid.
Line 1802: The property name MaskColor in UniFrame2 is invalid.
Line 1803: The property name FrameColor in UniFrame2 is invalid.
Line 1804: The property name Style in UniFrame2 is invalid.
Line 1805: The property name Caption in UniFrame2 is invalid.
Line 1806: The property name TextColor in UniFrame2 is invalid.
Line 1807: The property name Alignment in UniFrame2 is invalid.
Line 1823: The property name _ExtentX in chk1DrA is invalid.
Line 1824: The property name _ExtentY in chk1DrA is invalid.
Line 1834: The property name Caption in chk1DrA is invalid.
Line 1836: The property name ShowFocusRectangle in chk1DrA is invalid.
Line 1844: The property name _ExtentX in chk1DrCDE is invalid.
Line 1845: The property name _ExtentY in chk1DrCDE is invalid.
Line 1855: The property name Value in chk1DrCDE is invalid.
Line 1856: The property name Caption in chk1DrCDE is invalid.
Line 1858: The property name ShowFocusRectangle in chk1DrCDE is invalid.
Line 1866: The property name _ExtentX in chk1DrUSB is invalid.
Line 1867: The property name _ExtentY in chk1DrUSB is invalid.
Line 1877: The property name Value in chk1DrUSB is invalid.
Line 1878: The property name Caption in chk1DrUSB is invalid.
Line 1880: The property name ShowFocusRectangle in chk1DrUSB is invalid.
Line 1888: The property name _ExtentX in chk1DrCD is invalid.
Line 1889: The property name _ExtentY in chk1DrCD is invalid.
Line 1899: The property name Caption in chk1DrCD is invalid.
Line 1901: The property name ShowFocusRectangle in chk1DrCD is invalid.
Line 1908: The property name _ExtentX in UniLabel3 is invalid.
Line 1909: The property name _ExtentY in UniLabel3 is invalid.
Line 1910: The property name Caption in UniLabel3 is invalid.
Line 1927: The property name _ExtentX in UniFrame1 is invalid.
Line 1928: The property name _ExtentY in UniFrame1 is invalid.
Line 1929: The property name MaskColor in UniFrame1 is invalid.
Line 1930: The property name FrameColor in UniFrame1 is invalid.
Line 1931: The property name Style in UniFrame1 is invalid.
Line 1932: The property name Caption in UniFrame1 is invalid.
Line 1933: The property name TextColor in UniFrame1 is invalid.
Line 1934: The property name Alignment in UniFrame1 is invalid.
Line 1950: The property name _ExtentX in scrTime is invalid.
Line 1951: The property name _ExtentY in scrTime is invalid.
Line 1953: The property name SliderIcon in scrTime is invalid.
Line 1954: The property name RailPicture in scrTime is invalid.
Line 1955: The property name Min in scrTime is invalid.
Line 1956: The property name Max in scrTime is invalid.
Line 1957: The property name Value in scrTime is invalid.
Line 1964: The property name _ExtentX in UniLabel2 is invalid.
Line 1965: The property name _ExtentY in UniLabel2 is invalid.
Line 1966: The property name Caption in UniLabel2 is invalid.
Line 1982: The property name _ExtentX in lblTime is invalid.
Line 1983: The property name _ExtentY in lblTime is invalid.
Line 1984: The property name Alignment in lblTime is invalid.
Line 1985: The property name Caption in lblTime is invalid.
Line 2001: The property name _ExtentX in UniLabel1 is invalid.
Line 2002: The property name _ExtentY in UniLabel1 is invalid.
Line 2003: The property name Caption in UniLabel1 is invalid.
